------------------------------------------------------------------------
r23 | swpv | 2022-10-27 10:53:53 +0200 (èt, 27 øíj 2022) | 1 line

add manasek_filip folder
------------------------------------------------------------------------
r22 | swpv | 2022-10-27 10:52:46 +0200 (èt, 27 øíj 2022) | 1 line

rename Ukol-Jan-Juricka folder
------------------------------------------------------------------------
r21 | swpv | 2022-10-27 10:52:42 +0200 (èt, 27 øíj 2022) | 1 line

add log
------------------------------------------------------------------------
r20 | swpv | 2022-10-27 10:52:40 +0200 (èt, 27 øíj 2022) | 1 line

koudelik_lukas folder
------------------------------------------------------------------------
r19 | swpv | 2022-10-27 10:50:43 +0200 (èt, 27 øíj 2022) | 1 line

add rafaj_matyas folder
------------------------------------------------------------------------
r18 | swpv | 2022-10-27 10:49:30 +0200 (èt, 27 øíj 2022) | 1 line

add pozdrav
------------------------------------------------------------------------
r17 | swpv | 2022-10-27 10:47:25 +0200 (èt, 27 øíj 2022) | 1 line

add Ukol
------------------------------------------------------------------------
r16 | swpv | 2022-10-27 10:46:56 +0200 (èt, 27 øíj 2022) | 1 line

add new text in txt
------------------------------------------------------------------------
r15 | swpv | 2022-10-27 10:45:40 +0200 (èt, 27 øíj 2022) | 1 line

changing content of txt file
------------------------------------------------------------------------
r14 | swpv | 2022-10-27 10:43:43 +0200 (èt, 27 øíj 2022) | 1 line

delete old Bradavka_michal folder
------------------------------------------------------------------------
r13 | swpv | 2022-10-27 10:43:33 +0200 (èt, 27 øíj 2022) | 1 line

add renamed txt
------------------------------------------------------------------------
r12 | swpv | 2022-10-27 10:42:52 +0200 (èt, 27 øíj 2022) | 1 line

add bradavka_folder
------------------------------------------------------------------------
r11 | swpv | 2022-10-27 10:41:57 +0200 (èt, 27 øíj 2022) | 1 line

add Ukol-Juricka-Jan folder
------------------------------------------------------------------------
r10 | swpv | 2022-10-27 10:41:56 +0200 (èt, 27 øíj 2022) | 1 line

deleting old file
------------------------------------------------------------------------
r9 | swpv | 2022-10-27 10:41:07 +0200 (èt, 27 øíj 2022) | 1 line

adding folder
------------------------------------------------------------------------
r8 | swpv | 2022-10-27 10:39:55 +0200 (èt, 27 øíj 2022) | 1 line

adding renaming text file
------------------------------------------------------------------------
r7 | swpv | 2022-10-27 10:37:55 +0200 (èt, 27 øíj 2022) | 1 line

add folder
------------------------------------------------------------------------
r6 | swpv | 2022-10-27 10:37:31 +0200 (èt, 27 øíj 2022) | 1 line

add bradavka
------------------------------------------------------------------------
r5 | swpv | 2022-10-27 10:36:57 +0200 (èt, 27 øíj 2022) | 1 line

add trip folder
------------------------------------------------------------------------
r4 | swpv | 2022-10-27 10:36:25 +0200 (èt, 27 øíj 2022) | 1 line

adding personal folder
------------------------------------------------------------------------
r3 | swpv | 2022-10-27 10:36:04 +0200 (èt, 27 øíj 2022) | 1 line

add tureckova2 folder
------------------------------------------------------------------------
r2 | swpv@email.cz | 2022-10-27 08:45:48 +0200 (èt, 27 øíj 2022) | 3 lines

add pozdrav
insert WAF

------------------------------------------------------------------------
r1 | swpv@email.cz | 2022-10-27 07:13:26 +0200 (èt, 27 øíj 2022) | 3 lines

create folder tureckova_alzbeta
add pejsek.txt

------------------------------------------------------------------------
