Index: bradavka_michal/pozdravX.txt
===================================================================
--- bradavka_michal/pozdravX.txt	(revision 49)
+++ bradavka_michal/pozdravX.txt	(nonexistent)
@@ -1 +0,0 @@
-ahoj 
Index: tureckova_alzbeta1/pozdrav.txt
===================================================================
--- tureckova_alzbeta1/pozdrav.txt	(revision 49)
+++ tureckova_alzbeta1/pozdrav.txt	(nonexistent)
@@ -1 +0,0 @@
-ahoj 
Index: Ukol-Bradavka_Michal/novy_text.txt
===================================================================
--- Ukol-Bradavka_Michal/novy_text.txt	(revision 49)
+++ Ukol-Bradavka_Michal/novy_text.txt	(nonexistent)
@@ -1 +0,0 @@
-null 
Index: Ukol-Bradavka_Michal/novy_text2.txt
===================================================================
--- Ukol-Bradavka_Michal/novy_text2.txt	(revision 49)
+++ Ukol-Bradavka_Michal/novy_text2.txt	(nonexistent)
@@ -1 +0,0 @@
-null 
Index: Ukol-Juricka-Jan/juricka_jan.txt
===================================================================
--- Ukol-Juricka-Jan/juricka_jan.txt	(revision 49)
+++ Ukol-Juricka-Jan/juricka_jan.txt	(nonexistent)
@@ -1 +0,0 @@
-Hello World 
Index: Ukol-Koudelnicek_Filip/text2.txt
===================================================================
--- Ukol-Koudelnicek_Filip/text2.txt	(revision 49)
+++ Ukol-Koudelnicek_Filip/text2.txt	(nonexistent)
@@ -1 +0,0 @@
-sadfsafsadf
\ No newline at end of file
Index: Ukol-Koudelnicek_Filip/text3.txt
===================================================================
--- Ukol-Koudelnicek_Filip/text3.txt	(revision 49)
+++ Ukol-Koudelnicek_Filip/text3.txt	(nonexistent)
@@ -1 +0,0 @@
-gfdhgdh
\ No newline at end of file
Index: Ukol-Koudelnicek_Filip/text_renamed.txt
===================================================================
--- Ukol-Koudelnicek_Filip/text_renamed.txt	(revision 49)
+++ Ukol-Koudelnicek_Filip/text_renamed.txt	(nonexistent)
@@ -1 +0,0 @@
-nový obsah souboru, afaslfdůlskadf
\ No newline at end of file
Index: Ukol-Zeman_Filip/txtfile_renamed.txt
===================================================================
--- Ukol-Zeman_Filip/txtfile_renamed.txt	(revision 49)
+++ Ukol-Zeman_Filip/txtfile_renamed.txt	(nonexistent)
@@ -1 +0,0 @@
-changing the file
\ No newline at end of file
Index: exel_matej/pozdrav.txt
===================================================================
--- exel_matej/pozdrav.txt	(revision 49)
+++ exel_matej/pozdrav.txt	(nonexistent)
@@ -1 +0,0 @@
-Ahoj 
Index: roman_alexandr/pozdrav.txt
===================================================================
--- roman_alexandr/pozdrav.txt	(revision 49)
+++ roman_alexandr/pozdrav.txt	(nonexistent)
@@ -1 +0,0 @@
-Oil LEAKS BEGONE!!!!
\ No newline at end of file
Index: tureckova_alzbeta1/sobor.txt
===================================================================
--- tureckova_alzbeta1/sobor.txt	(revision 49)
+++ tureckova_alzbeta1/sobor.txt	(nonexistent)
@@ -1 +0,0 @@
-Nějaký cool text.
\ No newline at end of file
